D_20100907_0
	mt::String
	mt::NonBlockingQueue

D_20100811_1
	Изменения в getversions.sh

D_20100811
	BugFix smpp.

D_20100810
	Абстрактный класс Application.

D_20100806
	ReloadableConfig

D_20100805
	Путь инсталяции библиотеки по умолчанию - /usr/local/mtlib
	К имени библиотеки добавляется имя тэга при инсталяции.

D_20100804
	Собирается под Redhat 5.
	скрипт build.sh по умолчанию является исполняемым файлом (описание используемых команд в doxygen)
	по умолчанию устанавливается в путь ../include и ../lib от корня проекта
	исправлены пути к сторонним библиотекам в конфигурационном файле CMakeList.txt

D_20100803
	InfiniteThread.

D_20100802
	BugFix в Thread::setName()
	Очистка regexp в ~Regex


D_20100723_1
	Добавлен класс System.


D_20100723
	Добавлен класс Thread.
	Добавлен класс Singleton.


D_20100721
	First release.

	
