The system is: FreeBSD - 13.0-RELEASE-p4 - amd64
Compiling the C compiler identification source file "CMakeCCompilerId.c" succeeded.
Compiler: /usr/bin/cc 
Build flags: 
Id flags:  

The output was:
0


Compilation of the C compiler identification source "CMakeCCompilerId.c" produced "a.out"

The C compiler identification is Clang, found in "/usr/home/wocson/projects/test_cpp/work/Release/CMakeFiles/3.21.3/CompilerIdC/a.out"

Compiling the CXX compiler identification source file "CMakeCXXCompilerId.cpp" succeeded.
Compiler: /usr/bin/c++ 
Build flags: 
Id flags:  

The output was:
0


Compilation of the CXX compiler identification source "CMakeCXXCompilerId.cpp" produced "a.out"

The CXX compiler identification is Clang, found in "/usr/home/wocson/projects/test_cpp/work/Release/CMakeFiles/3.21.3/CompilerIdCXX/a.out"

Detecting C compiler ABI info compiled with the following output:
Change Dir: /usr/home/wocson/projects/test_cpp/work/Release/CMakeFiles/CMakeTmp

Run Build Command(s):/usr/local/bin/gmake -f Makefile cmTC_d288c/fast && gmake[1]: Entering directory '/usr/home/wocson/projects/test_cpp/work/Release/CMakeFiles/CMakeTmp'
/usr/local/bin/gmake  -f CMakeFiles/cmTC_d288c.dir/build.make CMakeFiles/cmTC_d288c.dir/build
gmake[2]: Entering directory '/usr/home/wocson/projects/test_cpp/work/Release/CMakeFiles/CMakeTmp'
Building C object CMakeFiles/cmTC_d288c.dir/CMakeCCompilerABI.c.o
/usr/bin/cc   -v -MD -MT CMakeFiles/cmTC_d288c.dir/CMakeCCompilerABI.c.o -MF CMakeFiles/cmTC_d288c.dir/CMakeCCompilerABI.c.o.d -o CMakeFiles/cmTC_d288c.dir/CMakeCCompilerABI.c.o -c /usr/local/share/cmake/Modules/CMakeCCompilerABI.c
clang version 13.0.0
Target: x86_64-portbld-freebsd13.0
Thread model: posix
InstalledDir: /usr/bin
 (in-process)
 "/usr/local/llvm13/bin/clang-13" -cc1 -triple x86_64-portbld-freebsd13.0 -emit-obj -mrelax-all --mrelax-relocations -disable-free -disable-llvm-verifier -discard-value-names -main-file-name CMakeCCompilerABI.c -mrelocation-model static -mframe-pointer=all -fno-rounding-math -mconstructor-aliases -munwind-tables -target-cpu x86-64 -tune-cpu generic -debugger-tuning=gdb -v -fcoverage-compilation-dir=/usr/home/wocson/projects/test_cpp/work/Release/CMakeFiles/CMakeTmp -resource-dir /usr/local/llvm13/lib/clang/13.0.0 -dependency-file CMakeFiles/cmTC_d288c.dir/CMakeCCompilerABI.c.o.d -MT CMakeFiles/cmTC_d288c.dir/CMakeCCompilerABI.c.o -sys-header-deps -fdebug-compilation-dir=/usr/home/wocson/projects/test_cpp/work/Release/CMakeFiles/CMakeTmp -ferror-limit 19 -fgnuc-version=4.2.1 -faddrsig -D__GCC_HAVE_DWARF2_CFI_ASM=1 -o CMakeFiles/cmTC_d288c.dir/CMakeCCompilerABI.c.o -x c /usr/local/share/cmake/Modules/CMakeCCompilerABI.c
clang -cc1 version 13.0.0 based upon LLVM 13.0.0 default target x86_64-portbld-freebsd13.0
#include "..." search starts here:
#include <...> search starts here:
 /usr/local/llvm13/lib/clang/13.0.0/include
 /usr/include
End of search list.
Linking C executable cmTC_d288c
/usr/local/bin/cmake -E cmake_link_script CMakeFiles/cmTC_d288c.dir/link.txt --verbose=1
/usr/bin/cc  -v CMakeFiles/cmTC_d288c.dir/CMakeCCompilerABI.c.o -o cmTC_d288c 
clang version 13.0.0
Target: x86_64-portbld-freebsd13.0
Thread model: posix
InstalledDir: /usr/bin
 "/usr/bin/ld" --eh-frame-hdr -dynamic-linker /libexec/ld-elf.so.1 --hash-style=both --enable-new-dtags -o cmTC_d288c /usr/lib/crt1.o /usr/lib/crti.o /usr/lib/crtbegin.o -L/usr/lib CMakeFiles/cmTC_d288c.dir/CMakeCCompilerABI.c.o -lgcc --as-needed -lgcc_s --no-as-needed -lc -lgcc --as-needed -lgcc_s --no-as-needed /usr/lib/crtend.o /usr/lib/crtn.o
gmake[2]: Leaving directory '/usr/home/wocson/projects/test_cpp/work/Release/CMakeFiles/CMakeTmp'
gmake[1]: Leaving directory '/usr/home/wocson/projects/test_cpp/work/Release/CMakeFiles/CMakeTmp'



Parsed C implicit include dir info from above output: rv=done
  found start of include info
  found start of implicit include info
    add: [/usr/local/llvm13/lib/clang/13.0.0/include]
    add: [/usr/include]
  end of search list found
  collapse include dir [/usr/local/llvm13/lib/clang/13.0.0/include] ==> [/usr/local/llvm13/lib/clang/13.0.0/include]
  collapse include dir [/usr/include] ==> [/usr/include]
  implicit include dirs: [/usr/local/llvm13/lib/clang/13.0.0/include;/usr/include]


Parsed C implicit link information from above output:
  link line regex: [^( *|.*[/\])(ld\.lld|CMAKE_LINK_STARTFILE-NOTFOUND|([^/\]+-)?ld|collect2)[^/\]*( |$)]
  ignore line: [Change Dir: /usr/home/wocson/projects/test_cpp/work/Release/CMakeFiles/CMakeTmp]
  ignore line: []
  ignore line: [Run Build Command(s):/usr/local/bin/gmake -f Makefile cmTC_d288c/fast && gmake[1]: Entering directory '/usr/home/wocson/projects/test_cpp/work/Release/CMakeFiles/CMakeTmp']
  ignore line: [/usr/local/bin/gmake  -f CMakeFiles/cmTC_d288c.dir/build.make CMakeFiles/cmTC_d288c.dir/build]
  ignore line: [gmake[2]: Entering directory '/usr/home/wocson/projects/test_cpp/work/Release/CMakeFiles/CMakeTmp']
  ignore line: [Building C object CMakeFiles/cmTC_d288c.dir/CMakeCCompilerABI.c.o]
  ignore line: [/usr/bin/cc   -v -MD -MT CMakeFiles/cmTC_d288c.dir/CMakeCCompilerABI.c.o -MF CMakeFiles/cmTC_d288c.dir/CMakeCCompilerABI.c.o.d -o CMakeFiles/cmTC_d288c.dir/CMakeCCompilerABI.c.o -c /usr/local/share/cmake/Modules/CMakeCCompilerABI.c]
  ignore line: [clang version 13.0.0]
  ignore line: [Target: x86_64-portbld-freebsd13.0]
  ignore line: [Thread model: posix]
  ignore line: [InstalledDir: /usr/bin]
  ignore line: [ (in-process)]
  ignore line: [ "/usr/local/llvm13/bin/clang-13" -cc1 -triple x86_64-portbld-freebsd13.0 -emit-obj -mrelax-all --mrelax-relocations -disable-free -disable-llvm-verifier -discard-value-names -main-file-name CMakeCCompilerABI.c -mrelocation-model static -mframe-pointer=all -fno-rounding-math -mconstructor-aliases -munwind-tables -target-cpu x86-64 -tune-cpu generic -debugger-tuning=gdb -v -fcoverage-compilation-dir=/usr/home/wocson/projects/test_cpp/work/Release/CMakeFiles/CMakeTmp -resource-dir /usr/local/llvm13/lib/clang/13.0.0 -dependency-file CMakeFiles/cmTC_d288c.dir/CMakeCCompilerABI.c.o.d -MT CMakeFiles/cmTC_d288c.dir/CMakeCCompilerABI.c.o -sys-header-deps -fdebug-compilation-dir=/usr/home/wocson/projects/test_cpp/work/Release/CMakeFiles/CMakeTmp -ferror-limit 19 -fgnuc-version=4.2.1 -faddrsig -D__GCC_HAVE_DWARF2_CFI_ASM=1 -o CMakeFiles/cmTC_d288c.dir/CMakeCCompilerABI.c.o -x c /usr/local/share/cmake/Modules/CMakeCCompilerABI.c]
  ignore line: [clang -cc1 version 13.0.0 based upon LLVM 13.0.0 default target x86_64-portbld-freebsd13.0]
  ignore line: [#include "..." search starts here:]
  ignore line: [#include <...> search starts here:]
  ignore line: [ /usr/local/llvm13/lib/clang/13.0.0/include]
  ignore line: [ /usr/include]
  ignore line: [End of search list.]
  ignore line: [Linking C executable cmTC_d288c]
  ignore line: [/usr/local/bin/cmake -E cmake_link_script CMakeFiles/cmTC_d288c.dir/link.txt --verbose=1]
  ignore line: [/usr/bin/cc  -v CMakeFiles/cmTC_d288c.dir/CMakeCCompilerABI.c.o -o cmTC_d288c ]
  ignore line: [clang version 13.0.0]
  ignore line: [Target: x86_64-portbld-freebsd13.0]
  ignore line: [Thread model: posix]
  ignore line: [InstalledDir: /usr/bin]
  link line: [ "/usr/bin/ld" --eh-frame-hdr -dynamic-linker /libexec/ld-elf.so.1 --hash-style=both --enable-new-dtags -o cmTC_d288c /usr/lib/crt1.o /usr/lib/crti.o /usr/lib/crtbegin.o -L/usr/lib CMakeFiles/cmTC_d288c.dir/CMakeCCompilerABI.c.o -lgcc --as-needed -lgcc_s --no-as-needed -lc -lgcc --as-needed -lgcc_s --no-as-needed /usr/lib/crtend.o /usr/lib/crtn.o]
    arg [/usr/bin/ld] ==> ignore
    arg [--eh-frame-hdr] ==> ignore
    arg [-dynamic-linker] ==> ignore
    arg [/libexec/ld-elf.so.1] ==> ignore
    arg [--hash-style=both] ==> ignore
    arg [--enable-new-dtags] ==> ignore
    arg [-o] ==> ignore
    arg [cmTC_d288c] ==> ignore
    arg [/usr/lib/crt1.o] ==> obj [/usr/lib/crt1.o]
    arg [/usr/lib/crti.o] ==> obj [/usr/lib/crti.o]
    arg [/usr/lib/crtbegin.o] ==> obj [/usr/lib/crtbegin.o]
    arg [-L/usr/lib] ==> dir [/usr/lib]
    arg [CMakeFiles/cmTC_d288c.dir/CMakeCCompilerABI.c.o] ==> ignore
    arg [-lgcc] ==> lib [gcc]
    arg [--as-needed] ==> ignore
    arg [-lgcc_s] ==> lib [gcc_s]
    arg [--no-as-needed] ==> ignore
    arg [-lc] ==> lib [c]
    arg [-lgcc] ==> lib [gcc]
    arg [--as-needed] ==> ignore
    arg [-lgcc_s] ==> lib [gcc_s]
    arg [--no-as-needed] ==> ignore
    arg [/usr/lib/crtend.o] ==> obj [/usr/lib/crtend.o]
    arg [/usr/lib/crtn.o] ==> obj [/usr/lib/crtn.o]
  collapse library dir [/usr/lib] ==> [/usr/lib]
  implicit libs: [gcc;gcc_s;c;gcc;gcc_s]
  implicit objs: [/usr/lib/crt1.o;/usr/lib/crti.o;/usr/lib/crtbegin.o;/usr/lib/crtend.o;/usr/lib/crtn.o]
  implicit dirs: [/usr/lib]
  implicit fwks: []


Detecting CXX compiler ABI info compiled with the following output:
Change Dir: /usr/home/wocson/projects/test_cpp/work/Release/CMakeFiles/CMakeTmp

Run Build Command(s):/usr/local/bin/gmake -f Makefile cmTC_25ca6/fast && gmake[1]: Entering directory '/usr/home/wocson/projects/test_cpp/work/Release/CMakeFiles/CMakeTmp'
/usr/local/bin/gmake  -f CMakeFiles/cmTC_25ca6.dir/build.make CMakeFiles/cmTC_25ca6.dir/build
gmake[2]: Entering directory '/usr/home/wocson/projects/test_cpp/work/Release/CMakeFiles/CMakeTmp'
Building CXX object CMakeFiles/cmTC_25ca6.dir/CMakeCXXCompilerABI.cpp.o
/usr/bin/c++   -v -MD -MT CMakeFiles/cmTC_25ca6.dir/CMakeCXXCompilerABI.cpp.o -MF CMakeFiles/cmTC_25ca6.dir/CMakeCXXCompilerABI.cpp.o.d -o CMakeFiles/cmTC_25ca6.dir/CMakeCXXCompilerABI.cpp.o -c /usr/local/share/cmake/Modules/CMakeCXXCompilerABI.cpp
clang version 13.0.0
Target: x86_64-portbld-freebsd13.0
Thread model: posix
InstalledDir: /usr/bin
 (in-process)
 "/usr/local/llvm13/bin/clang-13" -cc1 -triple x86_64-portbld-freebsd13.0 -emit-obj -mrelax-all --mrelax-relocations -disable-free -disable-llvm-verifier -discard-value-names -main-file-name CMakeCXXCompilerABI.cpp -mrelocation-model static -mframe-pointer=all -fno-rounding-math -mconstructor-aliases -munwind-tables -target-cpu x86-64 -tune-cpu generic -debugger-tuning=gdb -v -fcoverage-compilation-dir=/usr/home/wocson/projects/test_cpp/work/Release/CMakeFiles/CMakeTmp -resource-dir /usr/local/llvm13/lib/clang/13.0.0 -dependency-file CMakeFiles/cmTC_25ca6.dir/CMakeCXXCompilerABI.cpp.o.d -MT CMakeFiles/cmTC_25ca6.dir/CMakeCXXCompilerABI.cpp.o -sys-header-deps -internal-isystem /usr/include/c++/v1 -fdeprecated-macro -fdebug-compilation-dir=/usr/home/wocson/projects/test_cpp/work/Release/CMakeFiles/CMakeTmp -ferror-limit 19 -fgnuc-version=4.2.1 -fcxx-exceptions -fexceptions -faddrsig -D__GCC_HAVE_DWARF2_CFI_ASM=1 -o CMakeFiles/cmTC_25ca6.dir/CMakeCXXCompilerABI.cpp.o -x c++ /usr/local/share/cmake/Modules/CMakeCXXCompilerABI.cpp
clang -cc1 version 13.0.0 based upon LLVM 13.0.0 default target x86_64-portbld-freebsd13.0
#include "..." search starts here:
#include <...> search starts here:
 /usr/include/c++/v1
 /usr/local/llvm13/lib/clang/13.0.0/include
 /usr/include
End of search list.
Linking CXX executable cmTC_25ca6
/usr/local/bin/cmake -E cmake_link_script CMakeFiles/cmTC_25ca6.dir/link.txt --verbose=1
/usr/bin/c++  -v CMakeFiles/cmTC_25ca6.dir/CMakeCXXCompilerABI.cpp.o -o cmTC_25ca6 
clang version 13.0.0
Target: x86_64-portbld-freebsd13.0
Thread model: posix
InstalledDir: /usr/bin
 "/usr/bin/ld" --eh-frame-hdr -dynamic-linker /libexec/ld-elf.so.1 --hash-style=both --enable-new-dtags -o cmTC_25ca6 /usr/lib/crt1.o /usr/lib/crti.o /usr/lib/crtbegin.o -L/usr/lib CMakeFiles/cmTC_25ca6.dir/CMakeCXXCompilerABI.cpp.o -lc++ -lm -lgcc --as-needed -lgcc_s --no-as-needed -lc -lgcc --as-needed -lgcc_s --no-as-needed /usr/lib/crtend.o /usr/lib/crtn.o
gmake[2]: Leaving directory '/usr/home/wocson/projects/test_cpp/work/Release/CMakeFiles/CMakeTmp'
gmake[1]: Leaving directory '/usr/home/wocson/projects/test_cpp/work/Release/CMakeFiles/CMakeTmp'



Parsed CXX implicit include dir info from above output: rv=done
  found start of include info
  found start of implicit include info
    add: [/usr/include/c++/v1]
    add: [/usr/local/llvm13/lib/clang/13.0.0/include]
    add: [/usr/include]
  end of search list found
  collapse include dir [/usr/include/c++/v1] ==> [/usr/include/c++/v1]
  collapse include dir [/usr/local/llvm13/lib/clang/13.0.0/include] ==> [/usr/local/llvm13/lib/clang/13.0.0/include]
  collapse include dir [/usr/include] ==> [/usr/include]
  implicit include dirs: [/usr/include/c++/v1;/usr/local/llvm13/lib/clang/13.0.0/include;/usr/include]


Parsed CXX implicit link information from above output:
  link line regex: [^( *|.*[/\])(ld\.lld|CMAKE_LINK_STARTFILE-NOTFOUND|([^/\]+-)?ld|collect2)[^/\]*( |$)]
  ignore line: [Change Dir: /usr/home/wocson/projects/test_cpp/work/Release/CMakeFiles/CMakeTmp]
  ignore line: []
  ignore line: [Run Build Command(s):/usr/local/bin/gmake -f Makefile cmTC_25ca6/fast && gmake[1]: Entering directory '/usr/home/wocson/projects/test_cpp/work/Release/CMakeFiles/CMakeTmp']
  ignore line: [/usr/local/bin/gmake  -f CMakeFiles/cmTC_25ca6.dir/build.make CMakeFiles/cmTC_25ca6.dir/build]
  ignore line: [gmake[2]: Entering directory '/usr/home/wocson/projects/test_cpp/work/Release/CMakeFiles/CMakeTmp']
  ignore line: [Building CXX object CMakeFiles/cmTC_25ca6.dir/CMakeCXXCompilerABI.cpp.o]
  ignore line: [/usr/bin/c++   -v -MD -MT CMakeFiles/cmTC_25ca6.dir/CMakeCXXCompilerABI.cpp.o -MF CMakeFiles/cmTC_25ca6.dir/CMakeCXXCompilerABI.cpp.o.d -o CMakeFiles/cmTC_25ca6.dir/CMakeCXXCompilerABI.cpp.o -c /usr/local/share/cmake/Modules/CMakeCXXCompilerABI.cpp]
  ignore line: [clang version 13.0.0]
  ignore line: [Target: x86_64-portbld-freebsd13.0]
  ignore line: [Thread model: posix]
  ignore line: [InstalledDir: /usr/bin]
  ignore line: [ (in-process)]
  ignore line: [ "/usr/local/llvm13/bin/clang-13" -cc1 -triple x86_64-portbld-freebsd13.0 -emit-obj -mrelax-all --mrelax-relocations -disable-free -disable-llvm-verifier -discard-value-names -main-file-name CMakeCXXCompilerABI.cpp -mrelocation-model static -mframe-pointer=all -fno-rounding-math -mconstructor-aliases -munwind-tables -target-cpu x86-64 -tune-cpu generic -debugger-tuning=gdb -v -fcoverage-compilation-dir=/usr/home/wocson/projects/test_cpp/work/Release/CMakeFiles/CMakeTmp -resource-dir /usr/local/llvm13/lib/clang/13.0.0 -dependency-file CMakeFiles/cmTC_25ca6.dir/CMakeCXXCompilerABI.cpp.o.d -MT CMakeFiles/cmTC_25ca6.dir/CMakeCXXCompilerABI.cpp.o -sys-header-deps -internal-isystem /usr/include/c++/v1 -fdeprecated-macro -fdebug-compilation-dir=/usr/home/wocson/projects/test_cpp/work/Release/CMakeFiles/CMakeTmp -ferror-limit 19 -fgnuc-version=4.2.1 -fcxx-exceptions -fexceptions -faddrsig -D__GCC_HAVE_DWARF2_CFI_ASM=1 -o CMakeFiles/cmTC_25ca6.dir/CMakeCXXCompilerABI.cpp.o -x c++ /usr/local/share/cmake/Modules/CMakeCXXCompilerABI.cpp]
  ignore line: [clang -cc1 version 13.0.0 based upon LLVM 13.0.0 default target x86_64-portbld-freebsd13.0]
  ignore line: [#include "..." search starts here:]
  ignore line: [#include <...> search starts here:]
  ignore line: [ /usr/include/c++/v1]
  ignore line: [ /usr/local/llvm13/lib/clang/13.0.0/include]
  ignore line: [ /usr/include]
  ignore line: [End of search list.]
  ignore line: [Linking CXX executable cmTC_25ca6]
  ignore line: [/usr/local/bin/cmake -E cmake_link_script CMakeFiles/cmTC_25ca6.dir/link.txt --verbose=1]
  ignore line: [/usr/bin/c++  -v CMakeFiles/cmTC_25ca6.dir/CMakeCXXCompilerABI.cpp.o -o cmTC_25ca6 ]
  ignore line: [clang version 13.0.0]
  ignore line: [Target: x86_64-portbld-freebsd13.0]
  ignore line: [Thread model: posix]
  ignore line: [InstalledDir: /usr/bin]
  link line: [ "/usr/bin/ld" --eh-frame-hdr -dynamic-linker /libexec/ld-elf.so.1 --hash-style=both --enable-new-dtags -o cmTC_25ca6 /usr/lib/crt1.o /usr/lib/crti.o /usr/lib/crtbegin.o -L/usr/lib CMakeFiles/cmTC_25ca6.dir/CMakeCXXCompilerABI.cpp.o -lc++ -lm -lgcc --as-needed -lgcc_s --no-as-needed -lc -lgcc --as-needed -lgcc_s --no-as-needed /usr/lib/crtend.o /usr/lib/crtn.o]
    arg [/usr/bin/ld] ==> ignore
    arg [--eh-frame-hdr] ==> ignore
    arg [-dynamic-linker] ==> ignore
    arg [/libexec/ld-elf.so.1] ==> ignore
    arg [--hash-style=both] ==> ignore
    arg [--enable-new-dtags] ==> ignore
    arg [-o] ==> ignore
    arg [cmTC_25ca6] ==> ignore
    arg [/usr/lib/crt1.o] ==> obj [/usr/lib/crt1.o]
    arg [/usr/lib/crti.o] ==> obj [/usr/lib/crti.o]
    arg [/usr/lib/crtbegin.o] ==> obj [/usr/lib/crtbegin.o]
    arg [-L/usr/lib] ==> dir [/usr/lib]
    arg [CMakeFiles/cmTC_25ca6.dir/CMakeCXXCompilerABI.cpp.o] ==> ignore
    arg [-lc++] ==> lib [c++]
    arg [-lm] ==> lib [m]
    arg [-lgcc] ==> lib [gcc]
    arg [--as-needed] ==> ignore
    arg [-lgcc_s] ==> lib [gcc_s]
    arg [--no-as-needed] ==> ignore
    arg [-lc] ==> lib [c]
    arg [-lgcc] ==> lib [gcc]
    arg [--as-needed] ==> ignore
    arg [-lgcc_s] ==> lib [gcc_s]
    arg [--no-as-needed] ==> ignore
    arg [/usr/lib/crtend.o] ==> obj [/usr/lib/crtend.o]
    arg [/usr/lib/crtn.o] ==> obj [/usr/lib/crtn.o]
  collapse library dir [/usr/lib] ==> [/usr/lib]
  implicit libs: [c++;m;gcc;gcc_s;c;gcc;gcc_s]
  implicit objs: [/usr/lib/crt1.o;/usr/lib/crti.o;/usr/lib/crtbegin.o;/usr/lib/crtend.o;/usr/lib/crtn.o]
  implicit dirs: [/usr/lib]
  implicit fwks: []


Performing C++ SOURCE FILE Test COMPILER_SUPPORTS_CXX20 succeeded with the following output:
Change Dir: /usr/home/wocson/projects/test_cpp/work/Release/CMakeFiles/CMakeTmp

Run Build Command(s):/usr/local/bin/gmake -f Makefile cmTC_d2a7e/fast && gmake[1]: Entering directory '/usr/home/wocson/projects/test_cpp/work/Release/CMakeFiles/CMakeTmp'
/usr/local/bin/gmake  -f CMakeFiles/cmTC_d2a7e.dir/build.make CMakeFiles/cmTC_d2a7e.dir/build
gmake[2]: Entering directory '/usr/home/wocson/projects/test_cpp/work/Release/CMakeFiles/CMakeTmp'
Building CXX object CMakeFiles/cmTC_d2a7e.dir/src.cxx.o
/usr/bin/c++ -DCOMPILER_SUPPORTS_CXX20  -std=c++20 -MD -MT CMakeFiles/cmTC_d2a7e.dir/src.cxx.o -MF CMakeFiles/cmTC_d2a7e.dir/src.cxx.o.d -o CMakeFiles/cmTC_d2a7e.dir/src.cxx.o -c /usr/home/wocson/projects/test_cpp/work/Release/CMakeFiles/CMakeTmp/src.cxx
Linking CXX executable cmTC_d2a7e
/usr/local/bin/cmake -E cmake_link_script CMakeFiles/cmTC_d2a7e.dir/link.txt --verbose=1
/usr/bin/c++ CMakeFiles/cmTC_d2a7e.dir/src.cxx.o -o cmTC_d2a7e 
gmake[2]: Leaving directory '/usr/home/wocson/projects/test_cpp/work/Release/CMakeFiles/CMakeTmp'
gmake[1]: Leaving directory '/usr/home/wocson/projects/test_cpp/work/Release/CMakeFiles/CMakeTmp'


Source file was:
int main() { return 0; }
Performing C++ SOURCE FILE Test COMPILER_SUPPORTS_CXX17 succeeded with the following output:
Change Dir: /usr/home/wocson/projects/test_cpp/work/Release/CMakeFiles/CMakeTmp

Run Build Command(s):/usr/local/bin/gmake -f Makefile cmTC_baf0a/fast && gmake[1]: Entering directory '/usr/home/wocson/projects/test_cpp/work/Release/CMakeFiles/CMakeTmp'
/usr/local/bin/gmake  -f CMakeFiles/cmTC_baf0a.dir/build.make CMakeFiles/cmTC_baf0a.dir/build
gmake[2]: Entering directory '/usr/home/wocson/projects/test_cpp/work/Release/CMakeFiles/CMakeTmp'
Building CXX object CMakeFiles/cmTC_baf0a.dir/src.cxx.o
/usr/bin/c++ -DCOMPILER_SUPPORTS_CXX17  -std=c++17 -MD -MT CMakeFiles/cmTC_baf0a.dir/src.cxx.o -MF CMakeFiles/cmTC_baf0a.dir/src.cxx.o.d -o CMakeFiles/cmTC_baf0a.dir/src.cxx.o -c /usr/home/wocson/projects/test_cpp/work/Release/CMakeFiles/CMakeTmp/src.cxx
Linking CXX executable cmTC_baf0a
/usr/local/bin/cmake -E cmake_link_script CMakeFiles/cmTC_baf0a.dir/link.txt --verbose=1
/usr/bin/c++ CMakeFiles/cmTC_baf0a.dir/src.cxx.o -o cmTC_baf0a 
gmake[2]: Leaving directory '/usr/home/wocson/projects/test_cpp/work/Release/CMakeFiles/CMakeTmp'
gmake[1]: Leaving directory '/usr/home/wocson/projects/test_cpp/work/Release/CMakeFiles/CMakeTmp'


Source file was:
int main() { return 0; }
Performing C++ SOURCE FILE Test COMPILER_SUPPORTS_CXX14 succeeded with the following output:
Change Dir: /usr/home/wocson/projects/test_cpp/work/Release/CMakeFiles/CMakeTmp

Run Build Command(s):/usr/local/bin/gmake -f Makefile cmTC_59ee9/fast && gmake[1]: Entering directory '/usr/home/wocson/projects/test_cpp/work/Release/CMakeFiles/CMakeTmp'
/usr/local/bin/gmake  -f CMakeFiles/cmTC_59ee9.dir/build.make CMakeFiles/cmTC_59ee9.dir/build
gmake[2]: Entering directory '/usr/home/wocson/projects/test_cpp/work/Release/CMakeFiles/CMakeTmp'
Building CXX object CMakeFiles/cmTC_59ee9.dir/src.cxx.o
/usr/bin/c++ -DCOMPILER_SUPPORTS_CXX14  -std=c++14 -MD -MT CMakeFiles/cmTC_59ee9.dir/src.cxx.o -MF CMakeFiles/cmTC_59ee9.dir/src.cxx.o.d -o CMakeFiles/cmTC_59ee9.dir/src.cxx.o -c /usr/home/wocson/projects/test_cpp/work/Release/CMakeFiles/CMakeTmp/src.cxx
Linking CXX executable cmTC_59ee9
/usr/local/bin/cmake -E cmake_link_script CMakeFiles/cmTC_59ee9.dir/link.txt --verbose=1
/usr/bin/c++ CMakeFiles/cmTC_59ee9.dir/src.cxx.o -o cmTC_59ee9 
gmake[2]: Leaving directory '/usr/home/wocson/projects/test_cpp/work/Release/CMakeFiles/CMakeTmp'
gmake[1]: Leaving directory '/usr/home/wocson/projects/test_cpp/work/Release/CMakeFiles/CMakeTmp'


Source file was:
int main() { return 0; }
Performing C++ SOURCE FILE Test COMPILER_SUPPORTS_CXX11 succeeded with the following output:
Change Dir: /usr/home/wocson/projects/test_cpp/work/Release/CMakeFiles/CMakeTmp

Run Build Command(s):/usr/local/bin/gmake -f Makefile cmTC_48eb0/fast && gmake[1]: Entering directory '/usr/home/wocson/projects/test_cpp/work/Release/CMakeFiles/CMakeTmp'
/usr/local/bin/gmake  -f CMakeFiles/cmTC_48eb0.dir/build.make CMakeFiles/cmTC_48eb0.dir/build
gmake[2]: Entering directory '/usr/home/wocson/projects/test_cpp/work/Release/CMakeFiles/CMakeTmp'
Building CXX object CMakeFiles/cmTC_48eb0.dir/src.cxx.o
/usr/bin/c++ -DCOMPILER_SUPPORTS_CXX11  -std=c++11 -MD -MT CMakeFiles/cmTC_48eb0.dir/src.cxx.o -MF CMakeFiles/cmTC_48eb0.dir/src.cxx.o.d -o CMakeFiles/cmTC_48eb0.dir/src.cxx.o -c /usr/home/wocson/projects/test_cpp/work/Release/CMakeFiles/CMakeTmp/src.cxx
Linking CXX executable cmTC_48eb0
/usr/local/bin/cmake -E cmake_link_script CMakeFiles/cmTC_48eb0.dir/link.txt --verbose=1
/usr/bin/c++ CMakeFiles/cmTC_48eb0.dir/src.cxx.o -o cmTC_48eb0 
gmake[2]: Leaving directory '/usr/home/wocson/projects/test_cpp/work/Release/CMakeFiles/CMakeTmp'
gmake[1]: Leaving directory '/usr/home/wocson/projects/test_cpp/work/Release/CMakeFiles/CMakeTmp'


Source file was:
int main() { return 0; }
Performing C++ SOURCE FILE Test COMPILER_SUPPORTS_CXX0X succeeded with the following output:
Change Dir: /usr/home/wocson/projects/test_cpp/work/Release/CMakeFiles/CMakeTmp

Run Build Command(s):/usr/local/bin/gmake -f Makefile cmTC_6e658/fast && gmake[1]: Entering directory '/usr/home/wocson/projects/test_cpp/work/Release/CMakeFiles/CMakeTmp'
/usr/local/bin/gmake  -f CMakeFiles/cmTC_6e658.dir/build.make CMakeFiles/cmTC_6e658.dir/build
gmake[2]: Entering directory '/usr/home/wocson/projects/test_cpp/work/Release/CMakeFiles/CMakeTmp'
Building CXX object CMakeFiles/cmTC_6e658.dir/src.cxx.o
/usr/bin/c++ -DCOMPILER_SUPPORTS_CXX0X  -std=c++0x -MD -MT CMakeFiles/cmTC_6e658.dir/src.cxx.o -MF CMakeFiles/cmTC_6e658.dir/src.cxx.o.d -o CMakeFiles/cmTC_6e658.dir/src.cxx.o -c /usr/home/wocson/projects/test_cpp/work/Release/CMakeFiles/CMakeTmp/src.cxx
Linking CXX executable cmTC_6e658
/usr/local/bin/cmake -E cmake_link_script CMakeFiles/cmTC_6e658.dir/link.txt --verbose=1
/usr/bin/c++ CMakeFiles/cmTC_6e658.dir/src.cxx.o -o cmTC_6e658 
gmake[2]: Leaving directory '/usr/home/wocson/projects/test_cpp/work/Release/CMakeFiles/CMakeTmp'
gmake[1]: Leaving directory '/usr/home/wocson/projects/test_cpp/work/Release/CMakeFiles/CMakeTmp'


Source file was:
int main() { return 0; }
